<?xml version="1.0" encoding="UTF-8"?>
<!-- Generated by org.testng.reporters.JUnitReportReporter -->
<testsuite hostname="PAUL" name="driverFactory.DriverScript" tests="1" failures="0" timestamp="23 Jun 2022 07:46:10 GMT" time="35.433" errors="0">
  <testcase name="startTest" time="35.433" classname="driverFactory.DriverScript"/>
</testsuite> <!-- driverFactory.DriverScript -->
